09:49:32.274 INFO [GridLauncherV3.parse] - Selenium server version: 3.141.59, revision: e82be7d358
09:49:32.472 INFO [GridLauncherV3.lambda$buildLaunchers$3] - Launching a standalone Selenium Server on port 4444
2020-12-08 09:49:32.633:INFO::main: Logging initialized @788ms to org.seleniumhq.jetty9.util.log.StdErrLog
09:49:33.373 INFO [WebDriverServlet.<init>] - Initialising WebDriverServlet
09:49:33.629 INFO [SeleniumServer.boot] - Selenium Server is up and running on port 4444
09:49:34.502 INFO [ActiveSessionFactory.apply] - Capabilities are: {
  "acceptInsecureCerts": true,
  "browserName": "firefox",
  "javascriptEnabled": true,
  "name": "Demo"
}
09:49:34.509 INFO [ActiveSessionFactory.lambda$apply$11] - Matched factory org.openqa.selenium.grid.session.remote.ServicedSession$Factory (provider: org.openqa.selenium.firefox.GeckoDriverService)
1607395774584	geckodriver	INFO	Listening on 127.0.0.1:15218
1607395775740	mozrunner::runner	INFO	Running command: "/Applications/Firefox.app/Contents/MacOS/firefox-bin" "--marionette" "-foreground" "-no-remote" "-profile" "/var/folders/c_/4g3d6bp100z9s4f5wz5sy6g40000gn/T/rust_mozprofileB2Knf5"
console.warn: SearchSettings: "get: No settings file exists, new profile?" (new Error("", "(unknown module)"))
1607395788124	Marionette	INFO	Listening on port 50185
1607395788416	Marionette	WARN	TLS certificate errors will be ignored for this session
09:49:48.638 INFO [ProtocolHandshake.createSession] - Detected dialect: W3C
09:49:49.067 INFO [RemoteSession$Factory.lambda$performHandshake$0] - Started new session cac98df4-07a0-4845-a938-06c0ae981bc2 (org.openqa.selenium.firefox.GeckoDriverService)
1607395807232	Marionette	INFO	Stopped listening on port 50185
09:50:08.890 INFO [ActiveSessions$1.onStop] - Removing session cac98df4-07a0-4845-a938-06c0ae981bc2 (org.openqa.selenium.firefox.GeckoDriverService)
